Using pre-set license
Built from '2020.3/staging' branch; Version is '2020.3.26f1 (7298b473bc1a) revision 7510196'; Using compiler version '192528614'; Build Type 'Release'
OS: 'Windows 11  (10.0.22000) 64bit Core' Language: 'en' Physical Memory: 8034 MB
BatchMode: 1, IsHumanControllingUs: 0, StartBugReporterOnCrash: 0, Is64bit: 1, IsPro: 0

COMMAND LINE ARGUMENTS:
C:\Program Files\Unity\Hub\Editor\2020.3.26f1\Editor\Unity.exe
-adb2
-batchMode
-noUpm
-name
AssetImportWorker0
-projectPath
D:/Game Development/Unity_Projects/GitHub/Unity_Learn/Creative_Core/Lighting
-logFile
Logs/AssetImportWorker0.log
-srvPort
62257
Successfully changed project path to: D:/Game Development/Unity_Projects/GitHub/Unity_Learn/Creative_Core/Lighting
D:/Game Development/Unity_Projects/GitHub/Unity_Learn/Creative_Core/Lighting
Using Asset Import Pipeline V2.
Refreshing native plugins compatible for Editor in 99.61 ms, found 2 plugins.
Preloading 0 native plugins for Editor in 0.00 ms.
Initialize engine version: 2020.3.26f1 (7298b473bc1a)
[Subsystems] Discovering subsystems at path C:/Program Files/Unity/Hub/Editor/2020.3.26f1/Editor/Data/Resources/UnitySubsystems
[Subsystems] Discovering subsystems at path D:/Game Development/Unity_Projects/GitHub/Unity_Learn/Creative_Core/Lighting/Assets
GfxDevice: creating device client; threaded=0
Direct3D:
    Version:  Direct3D 11.0 [level 11.1]
    Renderer: NVIDIA GeForce MX150 (ID=0x1d12)
    Vendor:   
    VRAM:     1983 MB
    Driver:   30.0.14.9709
Initialize mono
Mono path[0] = 'C:/Program Files/Unity/Hub/Editor/2020.3.26f1/Editor/Data/Managed'
Mono path[1] = 'C:/Program Files/Unity/Hub/Editor/2020.3.26f1/Editor/Data/MonoBleedingEdge/lib/mono/unityjit'
Mono config path = 'C:/Program Files/Unity/Hub/Editor/2020.3.26f1/Editor/Data/MonoBleedingEdge/etc'
Using monoOptions --debugger-agent=transport=dt_socket,embedding=1,server=y,suspend=n,address=127.0.0.1:56480
Begin MonoManager ReloadAssembly
Registering precompiled unity dll's ...
Register platform support module: C:/Program Files/Unity/Hub/Editor/2020.3.26f1/Editor/Data/PlaybackEngines/WindowsStandaloneSupport/UnityEditor.WindowsStandalone.Extensions.dll
Registered in 0.009698 seconds.
Native extension for WindowsStandalone target not found
Refreshing native plugins compatible for Editor in 75.36 ms, found 2 plugins.
Preloading 0 native plugins for Editor in 0.00 ms.
Mono: successfully reloaded assembly
- Completed reload, in  0.805 seconds
Domain Reload Profiling:
	ReloadAssembly (806ms)
		BeginReloadAssembly (60ms)
			ExecutionOrderSort (0ms)
			DisableScriptedObjects (0ms)
			BackupInstance (0ms)
			ReleaseScriptingObjects (0ms)
			CreateAndSetChildDomain (1ms)
		EndReloadAssembly (652ms)
			LoadAssemblies (58ms)
			RebuildTransferFunctionScriptingTraits (0ms)
			SetupTypeCache (187ms)
			ReleaseScriptCaches (0ms)
			RebuildScriptCaches (43ms)
			SetupLoadedEditorAssemblies (282ms)
				LogAssemblyErrors (0ms)
				InitializePlatformSupportModulesInManaged (6ms)
				SetLoadedEditorAssemblies (0ms)
				RefreshPlugins (75ms)
				BeforeProcessingInitializeOnLoad (35ms)
				ProcessInitializeOnLoadAttributes (116ms)
				ProcessInitializeOnLoadMethodAttributes (49ms)
				AfterProcessingInitializeOnLoad (0ms)
				EditorAssembliesLoaded (0ms)
			ExecutionOrderSort2 (0ms)
			AwakeInstancesAfterBackupRestoration (0ms)
Platform modules already initialized, skipping
Registering precompiled user dll's ...
Registered in 0.015930 seconds.
Begin MonoManager ReloadAssembly
Native extension for WindowsStandalone target not found
Refreshing native plugins compatible for Editor in 77.17 ms, found 2 plugins.
Preloading 0 native plugins for Editor in 0.00 ms.
Mono: successfully reloaded assembly
- Completed reload, in  1.768 seconds
Domain Reload Profiling:
	ReloadAssembly (1769ms)
		BeginReloadAssembly (177ms)
			ExecutionOrderSort (0ms)
			DisableScriptedObjects (7ms)
			BackupInstance (0ms)
			ReleaseScriptingObjects (0ms)
			CreateAndSetChildDomain (26ms)
		EndReloadAssembly (1510ms)
			LoadAssemblies (141ms)
			RebuildTransferFunctionScriptingTraits (0ms)
			SetupTypeCache (520ms)
			ReleaseScriptCaches (1ms)
			RebuildScriptCaches (120ms)
			SetupLoadedEditorAssemblies (486ms)
				LogAssemblyErrors (0ms)
				InitializePlatformSupportModulesInManaged (6ms)
				SetLoadedEditorAssemblies (0ms)
				RefreshPlugins (77ms)
				BeforeProcessingInitializeOnLoad (132ms)
				ProcessInitializeOnLoadAttributes (243ms)
				ProcessInitializeOnLoadMethodAttributes (22ms)
				AfterProcessingInitializeOnLoad (5ms)
				EditorAssembliesLoaded (0ms)
			ExecutionOrderSort2 (0ms)
			AwakeInstancesAfterBackupRestoration (10ms)
Platform modules already initialized, skipping
========================================================================
Worker process is ready to serve import requests
Launched and connected shader compiler UnityShaderCompiler.exe after 0.10 seconds
Refreshing native plugins compatible for Editor in 0.72 ms, found 2 plugins.
Preloading 0 native plugins for Editor in 0.00 ms.
Unloading 3333 Unused Serialized files (Serialized files now loaded: 0)
System memory in use before: 143.7 MB.
System memory in use after: 143.9 MB.

Unloading 20 unused Assets to reduce memory usage. Loaded Objects now: 3765.
Total: 4.423400 ms (FindLiveObjects: 0.313500 ms CreateObjectMapping: 0.151700 ms MarkObjects: 3.825500 ms  DeleteObjects: 0.131200 ms)

AssetImportParameters requested are different than current active one (requested -> active):
  custom:framework-win-MediaFoundation: 216162199b28c13a410421893ffa2e32 -> 
  custom:video-decoder-ogg-theora: a1e56fd34408186e4bbccfd4996cb3dc -> 
  custom:container-muxer-webm: aa71ff27fc2769a1b78a27578f13a17b -> 
  custom:container-demuxer-webm: 4f35f7cbe854078d1ac9338744f61a02 -> 
  custom:container-demuxer-ogg: 62fdf1f143b41e24485cea50d1cbac27 -> 
  custom:video-encoder-webm-vp8: eb34c28f22e8b96e1ab97ce403110664 -> 
  custom:video-codec-MediaFoundation-h265: 746d11721c4dcdbdad8f713fa42b33f4 -> 
  custom:video-decoder-webm-vp8: 9c59270c3fd7afecdb556c50c9e8de78 -> 
  custom:audio-decoder-ogg-vorbis: bf7c407c2cedff20999df2af8eb42d56 -> 
  custom:audio-encoder-webm-vorbis: bf7c407c2cedff20999df2af8eb42d56 -> 
========================================================================
Received Import Request.
  path: Assets/CreativeCore_Lighting/Scenes
  artifactKey: Guid(d75ccce93d8d95b4e92457ceef7d4f59) Importer(815301076,1909f56bfc062723c751e8b465ee728b)
Start importing Assets/CreativeCore_Lighting/Scenes using Guid(d75ccce93d8d95b4e92457ceef7d4f59) Importer(815301076,1909f56bfc062723c751e8b465ee728b)  -> (artifact id: 'dc76a9b8d14fa194f8d21fe45f1b4115') in 0.014842 seconds 
  Import took 0.020867 seconds .

========================================================================
Received Import Request.
  Time since last request: 7.329765 seconds.
  path: Assets/CreativeCore_Lighting/Scripts/BouncingObject.cs
  artifactKey: Guid(b46c8257ce96be943ba2827dfa99d149) Importer(815301076,1909f56bfc062723c751e8b465ee728b)
Start importing Assets/CreativeCore_Lighting/Scripts/BouncingObject.cs using Guid(b46c8257ce96be943ba2827dfa99d149) Importer(815301076,1909f56bfc062723c751e8b465ee728b)  -> (artifact id: '4089257d407f2a5b29f8c343192e4a02') in 0.110396 seconds 
  Import took 0.116848 seconds .

========================================================================
Received Import Request.
  Time since last request: 107.230726 seconds.
  path: Assets/CreativeCore_Lighting/Scripts
  artifactKey: Guid(694621d5aa8d4084887bae913a965496) Importer(815301076,1909f56bfc062723c751e8b465ee728b)
Start importing Assets/CreativeCore_Lighting/Scripts using Guid(694621d5aa8d4084887bae913a965496) Importer(815301076,1909f56bfc062723c751e8b465ee728b)  -> (artifact id: '4df714682615ff95fa6cd4415b6f8f03') in 0.013886 seconds 
  Import took 0.023069 seconds .

========================================================================
Received Import Request.
  Time since last request: 14.485000 seconds.
  path: Assets/CreativeCore_Lighting/Scripts/SimpleCameraController.cs
  artifactKey: Guid(be76e5f14cfee674cb30b491fb72b09b) Importer(815301076,1909f56bfc062723c751e8b465ee728b)
Start importing Assets/CreativeCore_Lighting/Scripts/SimpleCameraController.cs using Guid(be76e5f14cfee674cb30b491fb72b09b) Importer(815301076,1909f56bfc062723c751e8b465ee728b)  -> (artifact id: 'e6a794941a15252fee7bf727492298bd') in 0.013381 seconds 
  Import took 0.020048 seconds .

========================================================================
Received Import Request.
  Time since last request: 9.250069 seconds.
  path: Assets/CreativeCore_Lighting/Models/Apple.FBX
  artifactKey: Guid(2bec0b11ea55f584fa54d787f5646572) Importer(815301076,1909f56bfc062723c751e8b465ee728b)
Start importing Assets/CreativeCore_Lighting/Models/Apple.FBX using Guid(2bec0b11ea55f584fa54d787f5646572) Importer(815301076,1909f56bfc062723c751e8b465ee728b)  -> (artifact id: '8e751413032d9337236c568c44cc5e83') in 1.103273 seconds 
  Import took 1.109469 seconds .

========================================================================
Received Import Request.
  Time since last request: 0.769288 seconds.
  path: Assets/CreativeCore_Lighting/Models/BulbLamp.FBX
  artifactKey: Guid(b09ce3a12cceb854b87f5dd4e8222ee5) Importer(815301076,1909f56bfc062723c751e8b465ee728b)
Start importing Assets/CreativeCore_Lighting/Models/BulbLamp.FBX using Guid(b09ce3a12cceb854b87f5dd4e8222ee5) Importer(815301076,1909f56bfc062723c751e8b465ee728b)  -> (artifact id: 'a98077602939e84682924d6281157e30') in 0.063353 seconds 
  Import took 0.070537 seconds .

========================================================================
Received Import Request.
  Time since last request: 0.450494 seconds.
  path: Assets/CreativeCore_Lighting/Models/GalleryInterior.fbx
  artifactKey: Guid(e4384b4442f48e0409fcdc90e24e5f44) Importer(815301076,1909f56bfc062723c751e8b465ee728b)
Start importing Assets/CreativeCore_Lighting/Models/GalleryInterior.fbx using Guid(e4384b4442f48e0409fcdc90e24e5f44) Importer(815301076,1909f56bfc062723c751e8b465ee728b)  -> (artifact id: '4b9320e19e8c76b7b4156e2c2a342100') in 0.515693 seconds 
  Import took 0.522201 seconds .

========================================================================
Received Import Request.
  Time since last request: 0.000379 seconds.
  path: Assets/CreativeCore_Lighting/Models/LongLight.FBX
  artifactKey: Guid(7b5d415e831124647a4e8f0e3df27944) Importer(815301076,1909f56bfc062723c751e8b465ee728b)
Start importing Assets/CreativeCore_Lighting/Models/LongLight.FBX using Guid(7b5d415e831124647a4e8f0e3df27944) Importer(815301076,1909f56bfc062723c751e8b465ee728b)  -> (artifact id: 'ee7a68a3d006fa9efd4e0c453cebafdb') in 0.073028 seconds 
  Import took 0.078905 seconds .

========================================================================
Received Import Request.
  Time since last request: 2.673547 seconds.
  path: Assets/CreativeCore_Lighting/Models/StandingLamp.FBX
  artifactKey: Guid(bb69cafc8e88afc4f9d6344cb1825268) Importer(815301076,1909f56bfc062723c751e8b465ee728b)
Start importing Assets/CreativeCore_Lighting/Models/StandingLamp.FBX using Guid(bb69cafc8e88afc4f9d6344cb1825268) Importer(815301076,1909f56bfc062723c751e8b465ee728b)  -> (artifact id: '55a687587edeb0a36e36730feef8608f') in 0.031055 seconds 
  Import took 0.037854 seconds .

========================================================================
Received Import Request.
  Time since last request: 1.249755 seconds.
  path: Assets/CreativeCore_Lighting/Models/StreetLamp.FBX
  artifactKey: Guid(c971d847c6421214eaf067b88fa04b57) Importer(815301076,1909f56bfc062723c751e8b465ee728b)
Start importing Assets/CreativeCore_Lighting/Models/StreetLamp.FBX using Guid(c971d847c6421214eaf067b88fa04b57) Importer(815301076,1909f56bfc062723c751e8b465ee728b)  -> (artifact id: 'cf99f6e2954ca3a8402af19b04ca4b24') in 0.033280 seconds 
  Import took 0.040585 seconds .

========================================================================
Received Import Request.
  Time since last request: 0.708237 seconds.
  path: Assets/CreativeCore_Lighting/Models/StudioBackdrop.FBX
  artifactKey: Guid(8ee504faf9d614848add0104182ef6d8) Importer(815301076,1909f56bfc062723c751e8b465ee728b)
Start importing Assets/CreativeCore_Lighting/Models/StudioBackdrop.FBX using Guid(8ee504faf9d614848add0104182ef6d8) Importer(815301076,1909f56bfc062723c751e8b465ee728b)  -> (artifact id: '3e4ad2c0551d57ba70fed6d2b1a06625') in 0.035580 seconds 
  Import took 0.042610 seconds .

========================================================================
Received Import Request.
  Time since last request: 7.621527 seconds.
  path: Assets/CreativeCore_Lighting/Prefabs/Apple 1.prefab
  artifactKey: Guid(5fe307d3ed9ba3e409ee1ba4cb04c4f6) Importer(815301076,1909f56bfc062723c751e8b465ee728b)
Start importing Assets/CreativeCore_Lighting/Prefabs/Apple 1.prefab using Guid(5fe307d3ed9ba3e409ee1ba4cb04c4f6) Importer(815301076,1909f56bfc062723c751e8b465ee728b)  -> (artifact id: 'f0d1b8c9a9b8fb7439b8757167886d19') in 0.033648 seconds 
  Import took 0.041550 seconds .

========================================================================
Received Import Request.
  Time since last request: 0.869479 seconds.
  path: Assets/CreativeCore_Lighting/Prefabs/Apple.prefab
  artifactKey: Guid(0bcf544bb242b204bbb59fca4aab702f) Importer(815301076,1909f56bfc062723c751e8b465ee728b)
Start importing Assets/CreativeCore_Lighting/Prefabs/Apple.prefab using Guid(0bcf544bb242b204bbb59fca4aab702f) Importer(815301076,1909f56bfc062723c751e8b465ee728b)  -> (artifact id: '194fa428ef8df3a88cc265bc319346da') in 0.027434 seconds 
  Import took 0.037469 seconds .

========================================================================
Received Import Request.
  Time since last request: 0.604223 seconds.
  path: Assets/CreativeCore_Lighting/Prefabs/BulbLamp.prefab
  artifactKey: Guid(b68bc1cc142c27c4bb859f31cd22de22) Importer(815301076,1909f56bfc062723c751e8b465ee728b)
Start importing Assets/CreativeCore_Lighting/Prefabs/BulbLamp.prefab using Guid(b68bc1cc142c27c4bb859f31cd22de22) Importer(815301076,1909f56bfc062723c751e8b465ee728b)  -> (artifact id: '9f28d01de11b485508da60a5fba8019a') in 0.388661 seconds 
  Import took 0.399372 seconds .

========================================================================
Received Import Request.
  Time since last request: 2.867834 seconds.
  path: Assets/CreativeCore_Lighting/Prefabs/GalleryInterior.prefab
  artifactKey: Guid(07e0fcc4e15d6db478bd9fda02913ca0) Importer(815301076,1909f56bfc062723c751e8b465ee728b)
Start importing Assets/CreativeCore_Lighting/Prefabs/GalleryInterior.prefab using Guid(07e0fcc4e15d6db478bd9fda02913ca0) Importer(815301076,1909f56bfc062723c751e8b465ee728b)  -> (artifact id: '2bf10a56e5282d1531b9f498ae1f8adb') in 0.062849 seconds 
  Import took 0.072420 seconds .

========================================================================
Received Import Request.
  Time since last request: 1.907922 seconds.
  path: Assets/CreativeCore_Lighting/Prefabs/LongLight.prefab
  artifactKey: Guid(cd7786b2ff55c5d48906f40024bc1558) Importer(815301076,1909f56bfc062723c751e8b465ee728b)
Start importing Assets/CreativeCore_Lighting/Prefabs/LongLight.prefab using Guid(cd7786b2ff55c5d48906f40024bc1558) Importer(815301076,1909f56bfc062723c751e8b465ee728b)  -> (artifact id: '6fa44b000886cfdef95cd07c5ce9d8e3') in 0.024981 seconds 
  Import took 0.032478 seconds .

========================================================================
Received Import Request.
  Time since last request: 0.624675 seconds.
  path: Assets/CreativeCore_Lighting/Prefabs/RealtimeLamp.prefab
  artifactKey: Guid(1122695e7b44e6949997a99ecd6d136a) Importer(815301076,1909f56bfc062723c751e8b465ee728b)
Start importing Assets/CreativeCore_Lighting/Prefabs/RealtimeLamp.prefab using Guid(1122695e7b44e6949997a99ecd6d136a) Importer(815301076,1909f56bfc062723c751e8b465ee728b)  -> (artifact id: 'be383f2e652a714aac991b468f89c764') in 0.021956 seconds 
  Import took 0.028521 seconds .

========================================================================
Received Import Request.
  Time since last request: 1.036123 seconds.
  path: Assets/CreativeCore_Lighting/Prefabs/StandingLamp.prefab
  artifactKey: Guid(ace073263b1e842469dd08d1979c5798) Importer(815301076,1909f56bfc062723c751e8b465ee728b)
Start importing Assets/CreativeCore_Lighting/Prefabs/StandingLamp.prefab using Guid(ace073263b1e842469dd08d1979c5798) Importer(815301076,1909f56bfc062723c751e8b465ee728b)  -> (artifact id: '215439036694f61878743b5c943e7c71') in 0.027692 seconds 
  Import took 0.034870 seconds .

========================================================================
Received Import Request.
  Time since last request: 0.345463 seconds.
  path: Assets/CreativeCore_Lighting/Prefabs/StreetLamp.prefab
  artifactKey: Guid(ab4dd1616f317b84ebc033453a7f03c3) Importer(815301076,1909f56bfc062723c751e8b465ee728b)
Start importing Assets/CreativeCore_Lighting/Prefabs/StreetLamp.prefab using Guid(ab4dd1616f317b84ebc033453a7f03c3) Importer(815301076,1909f56bfc062723c751e8b465ee728b)  -> (artifact id: 'af4bad6df6247b89679e0ec50d34cec8') in 0.027015 seconds 
  Import took 0.035325 seconds .

========================================================================
Received Import Request.
  Time since last request: 5.465341 seconds.
  path: Assets/CreativeCore_Lighting/Scenes/FinalScene_Lighting_Indoor
  artifactKey: Guid(4dc3703af07f2084da6d9f6607fb204b) Importer(815301076,1909f56bfc062723c751e8b465ee728b)
Start importing Assets/CreativeCore_Lighting/Scenes/FinalScene_Lighting_Indoor using Guid(4dc3703af07f2084da6d9f6607fb204b) Importer(815301076,1909f56bfc062723c751e8b465ee728b)  -> (artifact id: 'bbc7526004550ad86709771f4bab32ea') in 0.018113 seconds 
  Import took 0.026996 seconds .

========================================================================
Received Import Request.
  Time since last request: 19.426271 seconds.
  path: Assets/CreativeCore_Lighting/Scenes/FinalScene_Lighting_Indoor/LightingData.asset
  artifactKey: Guid(7cf6bb110d62b3e42b9f02a5d99ba5f0) Importer(815301076,1909f56bfc062723c751e8b465ee728b)
Start importing Assets/CreativeCore_Lighting/Scenes/FinalScene_Lighting_Indoor/LightingData.asset using Guid(7cf6bb110d62b3e42b9f02a5d99ba5f0) Importer(815301076,1909f56bfc062723c751e8b465ee728b)  -> (artifact id: 'e57b4d599ad968b8442ebb969cf94d32') in 0.016607 seconds 
  Import took 0.025476 seconds .

========================================================================
Received Import Request.
  Time since last request: 1.352688 seconds.
  path: Assets/CreativeCore_Lighting/Scenes/FinalScene_Lighting_Indoor/Lightmap-0_comp_dir.png
  artifactKey: Guid(754db26dc8b27b248bbcec3310f8c76a) Importer(815301076,1909f56bfc062723c751e8b465ee728b)
Start importing Assets/CreativeCore_Lighting/Scenes/FinalScene_Lighting_Indoor/Lightmap-0_comp_dir.png using Guid(754db26dc8b27b248bbcec3310f8c76a) Importer(815301076,1909f56bfc062723c751e8b465ee728b)  -> (artifact id: 'd1d80cc1a8a49f6c900a32ad3f91ec31') in 0.054051 seconds 
  Import took 0.060850 seconds .

========================================================================
Received Import Request.
  Time since last request: 3.485065 seconds.
  path: Assets/CreativeCore_Lighting/Scenes/FinalScene_Lighting_Indoor/Lightmap-0_comp_light.exr
  artifactKey: Guid(c0ad6c59c100b4044815f031d3172638) Importer(815301076,1909f56bfc062723c751e8b465ee728b)
Start importing Assets/CreativeCore_Lighting/Scenes/FinalScene_Lighting_Indoor/Lightmap-0_comp_light.exr using Guid(c0ad6c59c100b4044815f031d3172638) Importer(815301076,1909f56bfc062723c751e8b465ee728b)  -> (artifact id: '3cdf106cbd047cc0724a7e8fa23c27ea') in 0.033410 seconds 
  Import took 0.041709 seconds .

========================================================================
Received Import Request.
  Time since last request: 2.639194 seconds.
  path: Assets/CreativeCore_Lighting/Scenes/FinalScene_Lighting_Indoor/Lightmap-1_comp_dir.png
  artifactKey: Guid(80158b8b627665c408deebe7eb159712) Importer(815301076,1909f56bfc062723c751e8b465ee728b)
Start importing Assets/CreativeCore_Lighting/Scenes/FinalScene_Lighting_Indoor/Lightmap-1_comp_dir.png using Guid(80158b8b627665c408deebe7eb159712) Importer(815301076,1909f56bfc062723c751e8b465ee728b)  -> (artifact id: '202c3093b0545d8bb5f2c1284e945c40') in 0.045578 seconds 
  Import took 0.054411 seconds .

========================================================================
Received Import Request.
  Time since last request: 1.047031 seconds.
  path: Assets/CreativeCore_Lighting/Scenes/FinalScene_Lighting_Indoor/Lightmap-1_comp_light.exr
  artifactKey: Guid(60a873c8abc2e544388aa7449025deb7) Importer(815301076,1909f56bfc062723c751e8b465ee728b)
Start importing Assets/CreativeCore_Lighting/Scenes/FinalScene_Lighting_Indoor/Lightmap-1_comp_light.exr using Guid(60a873c8abc2e544388aa7449025deb7) Importer(815301076,1909f56bfc062723c751e8b465ee728b)  -> (artifact id: '720d371c54edc2e66b6f591bde657317') in 0.026565 seconds 
  Import took 0.035976 seconds .

========================================================================
Received Import Request.
  Time since last request: 1.419256 seconds.
  path: Assets/CreativeCore_Lighting/Scenes/FinalScene_Lighting_Indoor/Lightmap-2_comp_dir.png
  artifactKey: Guid(722f7225750431841bc93623abcf25b5) Importer(815301076,1909f56bfc062723c751e8b465ee728b)
Start importing Assets/CreativeCore_Lighting/Scenes/FinalScene_Lighting_Indoor/Lightmap-2_comp_dir.png using Guid(722f7225750431841bc93623abcf25b5) Importer(815301076,1909f56bfc062723c751e8b465ee728b)  -> (artifact id: 'cad597b89370d6eb34a98d5e961ae64b') in 0.022896 seconds 
  Import took 0.031192 seconds .

========================================================================
Received Import Request.
  Time since last request: 1.034154 seconds.
  path: Assets/CreativeCore_Lighting/Scenes/FinalScene_Lighting_Indoor/Lightmap-2_comp_light.exr
  artifactKey: Guid(2e9986d7a48114a4fa35d6a8505c7f7c) Importer(815301076,1909f56bfc062723c751e8b465ee728b)
Start importing Assets/CreativeCore_Lighting/Scenes/FinalScene_Lighting_Indoor/Lightmap-2_comp_light.exr using Guid(2e9986d7a48114a4fa35d6a8505c7f7c) Importer(815301076,1909f56bfc062723c751e8b465ee728b)  -> (artifact id: '5029033e57a047a48b84ad568906841e') in 0.025331 seconds 
  Import took 0.035236 seconds .

========================================================================
Received Import Request.
  Time since last request: 3.317697 seconds.
  path: Assets/CreativeCore_Lighting/Scenes/FinalScene_Lighting_Indoor/ReflectionProbe-1.exr
  artifactKey: Guid(1a6a227eec8a5be40ab3628e5c218fab) Importer(815301076,1909f56bfc062723c751e8b465ee728b)
Start importing Assets/CreativeCore_Lighting/Scenes/FinalScene_Lighting_Indoor/ReflectionProbe-1.exr using Guid(1a6a227eec8a5be40ab3628e5c218fab) Importer(815301076,1909f56bfc062723c751e8b465ee728b)  -> (artifact id: 'd3eb8621bbd9d996d9033e8258372d6a') in 0.061376 seconds 
  Import took 0.069420 seconds .

========================================================================
Received Import Request.
  Time since last request: 0.620199 seconds.
  path: Assets/CreativeCore_Lighting/Scenes/FinalScene_Lighting_Indoor/ReflectionProbe-0.exr
  artifactKey: Guid(76adcdac95568a14bb973b6ed4a2093b) Importer(815301076,1909f56bfc062723c751e8b465ee728b)
Start importing Assets/CreativeCore_Lighting/Scenes/FinalScene_Lighting_Indoor/ReflectionProbe-0.exr using Guid(76adcdac95568a14bb973b6ed4a2093b) Importer(815301076,1909f56bfc062723c751e8b465ee728b)  -> (artifact id: 'b97bcacc1c82c1635f14dcac1bb00454') in 0.034958 seconds 
  Import took 0.043033 seconds .

========================================================================
Received Import Request.
  Time since last request: 12.810200 seconds.
  path: Assets/CreativeCore_Lighting/Settings/Rendering
  artifactKey: Guid(280bb56b1b273214092cae96ca4b1a96) Importer(815301076,1909f56bfc062723c751e8b465ee728b)
Start importing Assets/CreativeCore_Lighting/Settings/Rendering using Guid(280bb56b1b273214092cae96ca4b1a96) Importer(815301076,1909f56bfc062723c751e8b465ee728b)  -> (artifact id: '0c16ddf6ba0a1bcc324206442de495ab') in 0.012105 seconds 
  Import took 0.020331 seconds .

========================================================================
Received Import Request.
  Time since last request: 3.408787 seconds.
  path: Assets/CreativeCore_Lighting/Settings/PostProcessing
  artifactKey: Guid(47af61bb6a9ed904189ed875158d594e) Importer(815301076,1909f56bfc062723c751e8b465ee728b)
Start importing Assets/CreativeCore_Lighting/Settings/PostProcessing using Guid(47af61bb6a9ed904189ed875158d594e) Importer(815301076,1909f56bfc062723c751e8b465ee728b)  -> (artifact id: '9c68b124c68feaf729bb44c788543515') in 0.014563 seconds 
  Import took 0.024837 seconds .

========================================================================
Received Import Request.
  Time since last request: 3.210261 seconds.
  path: Assets/CreativeCore_Lighting/Settings/Lighting
  artifactKey: Guid(a3b984afd8dd5454c85fbe7e3b1a2bd0) Importer(815301076,1909f56bfc062723c751e8b465ee728b)
Start importing Assets/CreativeCore_Lighting/Settings/Lighting using Guid(a3b984afd8dd5454c85fbe7e3b1a2bd0) Importer(815301076,1909f56bfc062723c751e8b465ee728b)  -> (artifact id: '6adc2e36211fa06374767ff0affb3ddb') in 0.012150 seconds 
  Import took 0.019934 seconds .

========================================================================
Received Import Request.
  Time since last request: 2.362341 seconds.
  path: Assets/CreativeCore_Lighting/Settings/Lighting/LightmapParameters.giparams
  artifactKey: Guid(fe6d34a45b0127649a7ad96726de4d3f) Importer(815301076,1909f56bfc062723c751e8b465ee728b)
Start importing Assets/CreativeCore_Lighting/Settings/Lighting/LightmapParameters.giparams using Guid(fe6d34a45b0127649a7ad96726de4d3f) Importer(815301076,1909f56bfc062723c751e8b465ee728b)  -> (artifact id: 'b4623f07400c22c1b96841cd212a5443') in 0.015263 seconds 
  Import took 0.024773 seconds .

========================================================================
Received Import Request.
  Time since last request: 0.834985 seconds.
  path: Assets/CreativeCore_Lighting/Settings/Lighting/ProtoLightingSettings.lighting
  artifactKey: Guid(14561db614d54ab45a0c109529cff545) Importer(815301076,1909f56bfc062723c751e8b465ee728b)
Start importing Assets/CreativeCore_Lighting/Settings/Lighting/ProtoLightingSettings.lighting using Guid(14561db614d54ab45a0c109529cff545) Importer(815301076,1909f56bfc062723c751e8b465ee728b) LightingSettings: switching bake backend from 1 to 2.
 -> (artifact id: '74ea469fb2d500c240929c8a7c4f25a0') in 0.015011 seconds 
  Import took 0.021493 seconds .

========================================================================
Received Import Request.
  Time since last request: 5.988199 seconds.
  path: Assets/CreativeCore_Lighting/Scenes/FinalScene_Lighting_Indoor.unity
  artifactKey: Guid(e1078e3964fac294d994d872d5cee48f) Importer(815301076,1909f56bfc062723c751e8b465ee728b)
Start importing Assets/CreativeCore_Lighting/Scenes/FinalScene_Lighting_Indoor.unity using Guid(e1078e3964fac294d994d872d5cee48f) Importer(815301076,1909f56bfc062723c751e8b465ee728b)  -> (artifact id: 'bde9c567ea9d3c967596cffc19a786fd') in 0.013733 seconds 
  Import took 0.025058 seconds .

========================================================================
Received Import Request.
  Time since last request: 37.055169 seconds.
  path: Assets/CreativeCore_Lighting/Scenes/FinalScene_Lighting_Outdoor.unity
  artifactKey: Guid(5bb6505ee229cc14dbcc50292ec73ee5) Importer(815301076,1909f56bfc062723c751e8b465ee728b)
Start importing Assets/CreativeCore_Lighting/Scenes/FinalScene_Lighting_Outdoor.unity using Guid(5bb6505ee229cc14dbcc50292ec73ee5) Importer(815301076,1909f56bfc062723c751e8b465ee728b)  -> (artifact id: '6a34fb99df6298f1fe68dff654a2fffa') in 0.012315 seconds 
  Import took 0.020739 seconds .

========================================================================
Received Import Request.
  Time since last request: 9.375849 seconds.
  path: Assets/CreativeCore_Lighting/Scenes/FinalScene_Lighting_Studio.unity
  artifactKey: Guid(ebcff731556564b4891b9bdb0238f9e6) Importer(815301076,1909f56bfc062723c751e8b465ee728b)
Start importing Assets/CreativeCore_Lighting/Scenes/FinalScene_Lighting_Studio.unity using Guid(ebcff731556564b4891b9bdb0238f9e6) Importer(815301076,1909f56bfc062723c751e8b465ee728b)  -> (artifact id: 'f4b16ce3cd090a0c076ffc73bdf16aeb') in 0.022834 seconds 
  Import took 0.033388 seconds .

========================================================================
Received Import Request.
  Time since last request: 9.648802 seconds.
  path: Assets/CreativeCore_Lighting/Scenes/TutorialScene_Lighting_Outdoor.unity
  artifactKey: Guid(f5be082c2893701468a82cc30ed723c0) Importer(815301076,1909f56bfc062723c751e8b465ee728b)
Start importing Assets/CreativeCore_Lighting/Scenes/TutorialScene_Lighting_Outdoor.unity using Guid(f5be082c2893701468a82cc30ed723c0) Importer(815301076,1909f56bfc062723c751e8b465ee728b)  -> (artifact id: 'bad965d7d93fdff02baa91197966e248') in 0.011750 seconds 
  Import took 0.020847 seconds .

========================================================================
Received Import Request.
  Time since last request: 9.130650 seconds.
  path: Assets/CreativeCore_Lighting/Scenes/TutorialScene_Lighting_Indoor.unity
  artifactKey: Guid(9fad7b35d5ecf334aa45713a87c7a8df) Importer(815301076,1909f56bfc062723c751e8b465ee728b)
Start importing Assets/CreativeCore_Lighting/Scenes/TutorialScene_Lighting_Indoor.unity using Guid(9fad7b35d5ecf334aa45713a87c7a8df) Importer(815301076,1909f56bfc062723c751e8b465ee728b)  -> (artifact id: '59cb9560901d7f40c87264d806cc8ef0') in 0.013241 seconds 
  Import took 0.022696 seconds .

